c:\users\caleb\documents\github\sp2\dm2122 prac\debug\vc142.pdb
c:\users\caleb\documents\github\sp2\dm2122 prac\debug\vc142.idb
c:\users\caleb\documents\github\sp2\dm2122 prac\debug\utility.obj
c:\users\caleb\documents\github\sp2\dm2122 prac\debug\shader.obj
c:\users\caleb\documents\github\sp2\dm2122 prac\debug\scenetext.obj
c:\users\caleb\documents\github\sp2\dm2122 prac\debug\meshbuilder.obj
c:\users\caleb\documents\github\sp2\dm2122 prac\debug\mesh.obj
c:\users\caleb\documents\github\sp2\dm2122 prac\debug\main.obj
c:\users\caleb\documents\github\sp2\dm2122 prac\debug\loadtga.obj
c:\users\caleb\documents\github\sp2\dm2122 prac\debug\loadobj.obj
c:\users\caleb\documents\github\sp2\dm2122 prac\debug\camera2.obj
c:\users\caleb\documents\github\sp2\dm2122 prac\debug\camera.obj
c:\users\caleb\documents\github\sp2\dm2122 prac\debug\application.obj
c:\users\caleb\documents\github\sp2\debug\dm2122 prac.ilk
c:\users\caleb\documents\github\sp2\debug\dm2122 prac.exe
c:\users\caleb\documents\github\sp2\debug\dm2122 prac.pdb
c:\users\caleb\documents\github\sp2\dm2122 prac\debug\dm2122 prac.tlog\cl.command.1.tlog
c:\users\caleb\documents\github\sp2\dm2122 prac\debug\dm2122 prac.tlog\cl.read.1.tlog
c:\users\caleb\documents\github\sp2\dm2122 prac\debug\dm2122 prac.tlog\cl.write.1.tlog
c:\users\caleb\documents\github\sp2\dm2122 prac\debug\dm2122 prac.tlog\link.command.1.tlog
c:\users\caleb\documents\github\sp2\dm2122 prac\debug\dm2122 prac.tlog\link.read.1.tlog
c:\users\caleb\documents\github\sp2\dm2122 prac\debug\dm2122 prac.tlog\link.write.1.tlog
